<?xml version="1.0" encoding="UTF-8"?>
<!-- Generated by org.testng.reporters.JUnitReportReporter -->
<testsuite name="com.automation.testcases.CopyOfMonstActiveResumes" tests="4" time="180.674" ignored="0" failures="0" timestamp="07 Oct 2020 10:25:54 GMT" skipped="0" hostname="DESKTOP-H6HU17T" errors="0">
  <testcase name="getActiveResumesCnt" time="42.131" classname="com.automation.testcases.CopyOfMonstActiveResumes"/>
  <testcase name="getCreatedResumesCnt_For_7Days" time="45.269" classname="com.automation.testcases.CopyOfMonstActiveResumes"/>
  <testcase name="get_Active_Resumes_For7Days_Cnt" time="47.075" classname="com.automation.testcases.CopyOfMonstActiveResumes"/>
  <testcase name="getCreatedResumesCnt" time="46.199" classname="com.automation.testcases.CopyOfMonstActiveResumes"/>
</testsuite> <!-- com.automation.testcases.CopyOfMonstActiveResumes -->
