<?xml version="1.0" encoding="UTF-8"?>
<!-- Generated by org.testng.reporters.JUnitReportReporter -->
<testsuite name="com.automation.testcases.MonstActiveResumes" tests="4" time="160.462" ignored="0" failures="0" timestamp="08 Oct 2020 12:07:47 GMT" skipped="0" hostname="DESKTOP-H6HU17T" errors="0">
  <testcase name="getActiveResumesCnt_Last7Days" time="41.201" classname="com.automation.testcases.MonstActiveResumes"/>
  <testcase name="getCreatedResumesCnt_for_7Day" time="39.970" classname="com.automation.testcases.MonstActiveResumes"/>
  <testcase name="getActiveResumesCnt" time="42.263" classname="com.automation.testcases.MonstActiveResumes"/>
  <testcase name="getCreatedResumesCnt_for_1Day" time="37.028" classname="com.automation.testcases.MonstActiveResumes"/>
</testsuite> <!-- com.automation.testcases.MonstActiveResumes -->
