<?xml version="1.0" encoding="UTF-8"?>
<!-- Generated by org.testng.reporters.JUnitReportReporter -->
<testsuite name="com.automation.pages.signUp" tests="1" time="22.981" ignored="0" failures="0" timestamp="23 Jan 2020 16:47:41 GMT" skipped="0" hostname="DESKTOP-H6HU17T" errors="0">
  <testcase name="createAccount" time="22.981" classname="com.automation.pages.signUp"/>
</testsuite> <!-- com.automation.pages.signUp -->
